<?xml version="1.0" encoding="UTF-8"?>
<!-- Generated by org.testng.reporters.JUnitXMLReporter -->
<testsuite hostname="HIGURL65064" ignored="0" name="Sanity Test" tests="62" failures="4" timestamp="25 Oct 2018 11:51:52 GMT" time="108.107" errors="0">
  <testcase name="Entering_Login_Page" time="11.184" classname="Tests.loginpage"/>
  <testcase name="Login" time="10.252" classname="Tests.login_logout"/>
  <testcase name="Broken_link_loginpage" time="15.593" classname="Tests.Loginbrokenlinks"/>
  <testcase name="Harmanlogo_Display_Mainscreen" time="8.774" classname="Tests.HomeScreen"/>
  <testcase name="Broken_link_Mainscreen" time="13.874" classname="Tests.DashBoardbrokenlinks"/>
  <testcase name="Vehicle_dashboard_link_status" time="0.156" classname="Tests.HomeScreen"/>
  <testcase name="Harman_logo_visibility" time="0.234" classname="Tests.loginpage"/>
  <testcase name="Logout" time="2.133" classname="Tests.login_logout"/>
  <testcase name="Trips_link_status" time="5.4" classname="Tests.Trips"/>
  <testcase name="Virtual_Mechanic_link_status" time="5.703" classname="Tests.VirtualMechanic"/>
  <testcase name="Virtual_Mechanic_link_status" time="0.127" classname="Tests.HomeScreen"/>
  <testcase name="Harman_Text_visibility" time="0.166" classname="Tests.loginpage"/>
  <testcase name="Current_diagnostics_display" time="0.97" classname="Tests.VirtualMechanic"/>
  <testcase name="AfterLogout_click_getstarted" time="1.905" classname="Tests.login_logout">
    <failure type="org.openqa.selenium.StaleElementReferenceException" message="stale element reference: element is not attached to the page document
  (Session info: chrome=70.0.3538.67)
  (Driver info: chromedriver=2.42.591088 (7b2b2dca23cca0862f674758c9a3933e685c27d5),platform=Windows NT 6.1.7601 SP1 x86_64) (WARNING: The server did not provide any stacktrace information)
Command duration or timeout: 0 milliseconds
For documentation on this error, please visit: http://seleniumhq.org/exceptions/stale_element_reference.html
Build info: version: &amp;apos;3.6.0&amp;apos;, revision: &amp;apos;6fbf3ec767&amp;apos;, time: &amp;apos;2017-09-27T15:28:36.4Z&amp;apos;
System info: host: &amp;apos;HIGURL65064&amp;apos;, ip: &amp;apos;10.97.6.137&amp;apos;, os.name: &amp;apos;Windows 7&amp;apos;, os.arch: &amp;apos;amd64&amp;apos;, os.version: &amp;apos;6.1&amp;apos;, java.version: &amp;apos;1.8.0_172&amp;apos;
Driver info: org.openqa.selenium.chrome.ChromeDriver
Capabilities [{mobileEmulationEnabled=false, hasTouchScreen=false, platform=XP, acceptSslCerts=false, goog:chromeOptions={debuggerAddress=localhost:56159}, acceptInsecureCerts=false, webStorageEnabled=true, browserName=chrome, takesScreenshot=true, javascriptEnabled=true, platformName=XP, setWindowRect=true, unexpectedAlertBehaviour=, applicationCacheEnabled=false, rotatable=false, networkConnectionEnabled=false, chrome={chromedriverVersion=2.42.591088 (7b2b2dca23cca0862f674758c9a3933e685c27d5), userDataDir=C:\Users\MSAMAN~1\AppData\Local\Temp\scoped_dir9032_21816}, takesHeapSnapshot=true, pageLoadStrategy=normal, unhandledPromptBehavior=, databaseEnabled=false, handlesAlerts=true, version=70.0.3538.67, browserConnectionEnabled=false, nativeEvents=true, locationContextEnabled=true, cssSelectorsEnabled=true}]
Session ID: cdde7d2d9f3d663c8bbe5e7333ead22d">
      <![CDATA[org.openqa.selenium.StaleElementReferenceException: stale element reference: element is not attached to the page document
  (Session info: chrome=70.0.3538.67)
  (Driver info: chromedriver=2.42.591088 (7b2b2dca23cca0862f674758c9a3933e685c27d5),platform=Windows NT 6.1.7601 SP1 x86_64) (WARNING: The server did not provide any stacktrace information)
Command duration or timeout: 0 milliseconds
For documentation on this error, please visit: http://seleniumhq.org/exceptions/stale_element_reference.html
Build info: version: '3.6.0', revision: '6fbf3ec767', time: '2017-09-27T15:28:36.4Z'
System info: host: 'HIGURL65064', ip: '10.97.6.137', os.name: 'Windows 7', os.arch: 'amd64', os.version: '6.1', java.version: '1.8.0_172'
Driver info: org.openqa.selenium.chrome.ChromeDriver
Capabilities [{mobileEmulationEnabled=false, hasTouchScreen=false, platform=XP, acceptSslCerts=false, goog:chromeOptions={debuggerAddress=localhost:56159}, acceptInsecureCerts=false, webStorageEnabled=true, browserName=chrome, takesScreenshot=true, javascriptEnabled=true, platformName=XP, setWindowRect=true, unexpectedAlertBehaviour=, applicationCacheEnabled=false, rotatable=false, networkConnectionEnabled=false, chrome={chromedriverVersion=2.42.591088 (7b2b2dca23cca0862f674758c9a3933e685c27d5), userDataDir=C:\Users\MSAMAN~1\AppData\Local\Temp\scoped_dir9032_21816}, takesHeapSnapshot=true, pageLoadStrategy=normal, unhandledPromptBehavior=, databaseEnabled=false, handlesAlerts=true, version=70.0.3538.67, browserConnectionEnabled=false, nativeEvents=true, locationContextEnabled=true, cssSelectorsEnabled=true}]
Session ID: cdde7d2d9f3d663c8bbe5e7333ead22d
at org.openqa.selenium.remote.ErrorHandler.createThrowable(ErrorHandler.java:214)
at org.openqa.selenium.remote.ErrorHandler.throwIfResponseFailed(ErrorHandler.java:166)
at org.openqa.selenium.remote.http.JsonHttpResponseCodec.reconstructValue(JsonHttpResponseCodec.java:40)
at org.openqa.selenium.remote.http.AbstractHttpResponseCodec.decode(AbstractHttpResponseCodec.java:80)
at org.openqa.selenium.remote.http.AbstractHttpResponseCodec.decode(AbstractHttpResponseCodec.java:44)
at org.openqa.selenium.remote.HttpCommandExecutor.execute(HttpCommandExecutor.java:158)
at org.openqa.selenium.remote.service.DriverCommandExecutor.execute(DriverCommandExecutor.java:83)
at org.openqa.selenium.remote.RemoteWebDriver.execute(RemoteWebDriver.java:543)
at org.openqa.selenium.remote.RemoteWebElement.execute(RemoteWebElement.java:276)
at org.openqa.selenium.remote.RemoteWebElement.getText(RemoteWebElement.java:160)
at Tests.login_logout.AfterLogout_click_getstarted(login_logout.java:71)
at java.util.concurrent.ThreadPoolExecutor.runWorker(Unknown Source)
at java.util.concurrent.ThreadPoolExecutor$Worker.run(Unknown Source)
at java.lang.Thread.run(Unknown Source)
... Removed 14 stack frames]]>
    </failure>
  </testcase> <!-- AfterLogout_click_getstarted -->
  <testcase name="Map_status" time="2.36" classname="Tests.Trips"/>
  <testcase name="Current_diagnostics_tab_clickable" time="0.084" classname="Tests.VirtualMechanic"/>
  <testcase name="Accident_Reports_link_status" time="0.105" classname="Tests.HomeScreen"/>
  <testcase name="First_Trip_selected" time="0.11" classname="Tests.Trips"/>
  <testcase name="Forgot_Password_link_Status" time="0.125" classname="Tests.loginpage"/>
  <testcase name="Trips_link_status" time="0.149" classname="Tests.HomeScreen"/>
  <testcase name="faults_and_warnings" time="0.171" classname="Tests.VirtualMechanic"/>
  <testcase name="Loginbutton_status_before_Enter_user_pwd" time="0.194" classname="Tests.loginpage"/>
  <testcase name="Last_Trip_details" time="0.597" classname="Tests.Trips"/>
  <testcase name="Family_Share_link_status" time="0.127" classname="Tests.HomeScreen"/>
  <testcase name="Select_secondTrip" time="0.142" classname="Tests.Trips"/>
  <testcase name="Signup_link_status" time="0.173" classname="Tests.loginpage"/>
  <testcase name="healthy_areas" time="0.158" classname="Tests.VirtualMechanic"/>
  <testcase name="Battery_health_displaying" time="0.093" classname="Tests.VirtualMechanic"/>
  <testcase name="Last_Trip_Time_Taken" time="0.109" classname="Tests.Trips"/>
  <testcase name="Geofences_link_status" time="0.109" classname="Tests.HomeScreen"/>
  <testcase name="Login_validation" time="1.412" classname="Tests.loginpage"/>
  <testcase name="Engine_health_displaying" time="0.074" classname="Tests.VirtualMechanic"/>
  <testcase name="Last_Trip_Time_icon_display" time="0.088" classname="Tests.Trips"/>
  <testcase name="Vehicle_Preferences_link_status" time="0.105" classname="Tests.HomeScreen"/>
  <testcase name="Last_trip_Distance_covered" time="0.077" classname="Tests.Trips"/>
  <testcase name="Electrical_System_health_displaying" time="0.088" classname="Tests.VirtualMechanic"/>
  <testcase name="Emergency_Contact_link_status" time="0.135" classname="Tests.HomeScreen"/>
  <testcase name="Account_link_status" time="0.117" classname="Tests.HomeScreen"/>
  <testcase name="Last_trip_Distance_covered_icon" time="0.117" classname="Tests.Trips"/>
  <testcase name="Gearbox_health_displaying" time="0.13" classname="Tests.VirtualMechanic"/>
  <testcase name="Last_trip_Fuel_consumption" time="0.086" classname="Tests.Trips"/>
  <testcase name="Auxilary_health_displaying" time="10.116" classname="Tests.VirtualMechanic">
    <failure type="org.openqa.selenium.NoSuchElementException" message="no such element: Unable to locate element: {&amp;quot;method&amp;quot;:&amp;quot;xpath&amp;quot;,&amp;quot;selector&amp;quot;:&amp;quot;.//*[@id=&amp;apos;root&amp;apos;]/div/div[3]/div[2]/div/div/div/div/div/div/ul/div[5]/li&amp;quot;}
  (Session info: chrome=70.0.3538.67)
  (Driver info: chromedriver=2.42.591088 (7b2b2dca23cca0862f674758c9a3933e685c27d5),platform=Windows NT 6.1.7601 SP1 x86_64) (WARNING: The server did not provide any stacktrace information)
Command duration or timeout: 0 milliseconds
For documentation on this error, please visit: http://seleniumhq.org/exceptions/no_such_element.html
Build info: version: &amp;apos;3.6.0&amp;apos;, revision: &amp;apos;6fbf3ec767&amp;apos;, time: &amp;apos;2017-09-27T15:28:36.4Z&amp;apos;
System info: host: &amp;apos;HIGURL65064&amp;apos;, ip: &amp;apos;10.97.6.137&amp;apos;, os.name: &amp;apos;Windows 7&amp;apos;, os.arch: &amp;apos;amd64&amp;apos;, os.version: &amp;apos;6.1&amp;apos;, java.version: &amp;apos;1.8.0_172&amp;apos;
Driver info: org.openqa.selenium.chrome.ChromeDriver
Capabilities [{mobileEmulationEnabled=false, hasTouchScreen=false, platform=XP, acceptSslCerts=false, goog:chromeOptions={debuggerAddress=localhost:56346}, acceptInsecureCerts=false, webStorageEnabled=true, browserName=chrome, takesScreenshot=true, javascriptEnabled=true, platformName=XP, setWindowRect=true, unexpectedAlertBehaviour=, applicationCacheEnabled=false, rotatable=false, networkConnectionEnabled=false, chrome={chromedriverVersion=2.42.591088 (7b2b2dca23cca0862f674758c9a3933e685c27d5), userDataDir=C:\Users\MSAMAN~1\AppData\Local\Temp\scoped_dir13648_14506}, takesHeapSnapshot=true, pageLoadStrategy=normal, unhandledPromptBehavior=, databaseEnabled=false, handlesAlerts=true, version=70.0.3538.67, browserConnectionEnabled=false, nativeEvents=true, locationContextEnabled=true, cssSelectorsEnabled=true}]
Session ID: a6e075c64352674557a053b941826ad5
*** Element info: {Using=xpath, value=.//*[@id=&amp;apos;root&amp;apos;]/div/div[3]/div[2]/div/div/div/div/div/div/ul/div[5]/li}">
      <![CDATA[org.openqa.selenium.NoSuchElementException: no such element: Unable to locate element: {"method":"xpath","selector":".//*[@id='root']/div/div[3]/div[2]/div/div/div/div/div/div/ul/div[5]/li"}
  (Session info: chrome=70.0.3538.67)
  (Driver info: chromedriver=2.42.591088 (7b2b2dca23cca0862f674758c9a3933e685c27d5),platform=Windows NT 6.1.7601 SP1 x86_64) (WARNING: The server did not provide any stacktrace information)
Command duration or timeout: 0 milliseconds
For documentation on this error, please visit: http://seleniumhq.org/exceptions/no_such_element.html
Build info: version: '3.6.0', revision: '6fbf3ec767', time: '2017-09-27T15:28:36.4Z'
System info: host: 'HIGURL65064', ip: '10.97.6.137', os.name: 'Windows 7', os.arch: 'amd64', os.version: '6.1', java.version: '1.8.0_172'
Driver info: org.openqa.selenium.chrome.ChromeDriver
Capabilities [{mobileEmulationEnabled=false, hasTouchScreen=false, platform=XP, acceptSslCerts=false, goog:chromeOptions={debuggerAddress=localhost:56346}, acceptInsecureCerts=false, webStorageEnabled=true, browserName=chrome, takesScreenshot=true, javascriptEnabled=true, platformName=XP, setWindowRect=true, unexpectedAlertBehaviour=, applicationCacheEnabled=false, rotatable=false, networkConnectionEnabled=false, chrome={chromedriverVersion=2.42.591088 (7b2b2dca23cca0862f674758c9a3933e685c27d5), userDataDir=C:\Users\MSAMAN~1\AppData\Local\Temp\scoped_dir13648_14506}, takesHeapSnapshot=true, pageLoadStrategy=normal, unhandledPromptBehavior=, databaseEnabled=false, handlesAlerts=true, version=70.0.3538.67, browserConnectionEnabled=false, nativeEvents=true, locationContextEnabled=true, cssSelectorsEnabled=true}]
Session ID: a6e075c64352674557a053b941826ad5
*** Element info: {Using=xpath, value=.//*[@id='root']/div/div[3]/div[2]/div/div/div/div/div/div/ul/div[5]/li}
at org.openqa.selenium.remote.ErrorHandler.createThrowable(ErrorHandler.java:214)
at org.openqa.selenium.remote.ErrorHandler.throwIfResponseFailed(ErrorHandler.java:166)
at org.openqa.selenium.remote.http.JsonHttpResponseCodec.reconstructValue(JsonHttpResponseCodec.java:40)
at org.openqa.selenium.remote.http.AbstractHttpResponseCodec.decode(AbstractHttpResponseCodec.java:80)
at org.openqa.selenium.remote.http.AbstractHttpResponseCodec.decode(AbstractHttpResponseCodec.java:44)
at org.openqa.selenium.remote.HttpCommandExecutor.execute(HttpCommandExecutor.java:158)
at org.openqa.selenium.remote.service.DriverCommandExecutor.execute(DriverCommandExecutor.java:83)
at org.openqa.selenium.remote.RemoteWebDriver.execute(RemoteWebDriver.java:543)
at org.openqa.selenium.remote.RemoteWebDriver.findElement(RemoteWebDriver.java:317)
at org.openqa.selenium.remote.RemoteWebDriver.findElementByXPath(RemoteWebDriver.java:419)
at org.openqa.selenium.By$ByXPath.findElement(By.java:361)
at org.openqa.selenium.remote.RemoteWebDriver.findElement(RemoteWebDriver.java:309)
at Tests.VirtualMechanic.Auxilary_health_displaying(VirtualMechanic.java:85)
at java.util.concurrent.ThreadPoolExecutor.runWorker(Unknown Source)
at java.util.concurrent.ThreadPoolExecutor$Worker.run(Unknown Source)
at java.lang.Thread.run(Unknown Source)
... Removed 14 stack frames]]>
    </failure>
  </testcase> <!-- Auxilary_health_displaying -->
  <testcase name="wifi_button_display" time="10.133" classname="Tests.HomeScreen">
    <failure type="org.openqa.selenium.NoSuchElementException" message="no such element: Unable to locate element: {&amp;quot;method&amp;quot;:&amp;quot;xpath&amp;quot;,&amp;quot;selector&amp;quot;:&amp;quot;.//*[@id=&amp;apos;root&amp;apos;]/div/div[3]/div[2]/div/div/div[2]/div[1]/div/ul/li[2]/div/h3&amp;quot;}
  (Session info: chrome=70.0.3538.67)
  (Driver info: chromedriver=2.42.591088 (7b2b2dca23cca0862f674758c9a3933e685c27d5),platform=Windows NT 6.1.7601 SP1 x86_64) (WARNING: The server did not provide any stacktrace information)
Command duration or timeout: 0 milliseconds
For documentation on this error, please visit: http://seleniumhq.org/exceptions/no_such_element.html
Build info: version: &amp;apos;3.6.0&amp;apos;, revision: &amp;apos;6fbf3ec767&amp;apos;, time: &amp;apos;2017-09-27T15:28:36.4Z&amp;apos;
System info: host: &amp;apos;HIGURL65064&amp;apos;, ip: &amp;apos;10.97.6.137&amp;apos;, os.name: &amp;apos;Windows 7&amp;apos;, os.arch: &amp;apos;amd64&amp;apos;, os.version: &amp;apos;6.1&amp;apos;, java.version: &amp;apos;1.8.0_172&amp;apos;
Driver info: org.openqa.selenium.chrome.ChromeDriver
Capabilities [{mobileEmulationEnabled=false, hasTouchScreen=false, platform=XP, acceptSslCerts=false, goog:chromeOptions={debuggerAddress=localhost:56156}, acceptInsecureCerts=false, webStorageEnabled=true, browserName=chrome, takesScreenshot=true, javascriptEnabled=true, platformName=XP, setWindowRect=true, unexpectedAlertBehaviour=, applicationCacheEnabled=false, rotatable=false, networkConnectionEnabled=false, chrome={chromedriverVersion=2.42.591088 (7b2b2dca23cca0862f674758c9a3933e685c27d5), userDataDir=C:\Users\MSAMAN~1\AppData\Local\Temp\scoped_dir3220_22258}, takesHeapSnapshot=true, pageLoadStrategy=normal, unhandledPromptBehavior=, databaseEnabled=false, handlesAlerts=true, version=70.0.3538.67, browserConnectionEnabled=false, nativeEvents=true, locationContextEnabled=true, cssSelectorsEnabled=true}]
Session ID: c282836a4852684e3dec6d59105ad66a
*** Element info: {Using=xpath, value=.//*[@id=&amp;apos;root&amp;apos;]/div/div[3]/div[2]/div/div/div[2]/div[1]/div/ul/li[2]/div/h3}">
      <![CDATA[org.openqa.selenium.NoSuchElementException: no such element: Unable to locate element: {"method":"xpath","selector":".//*[@id='root']/div/div[3]/div[2]/div/div/div[2]/div[1]/div/ul/li[2]/div/h3"}
  (Session info: chrome=70.0.3538.67)
  (Driver info: chromedriver=2.42.591088 (7b2b2dca23cca0862f674758c9a3933e685c27d5),platform=Windows NT 6.1.7601 SP1 x86_64) (WARNING: The server did not provide any stacktrace information)
Command duration or timeout: 0 milliseconds
For documentation on this error, please visit: http://seleniumhq.org/exceptions/no_such_element.html
Build info: version: '3.6.0', revision: '6fbf3ec767', time: '2017-09-27T15:28:36.4Z'
System info: host: 'HIGURL65064', ip: '10.97.6.137', os.name: 'Windows 7', os.arch: 'amd64', os.version: '6.1', java.version: '1.8.0_172'
Driver info: org.openqa.selenium.chrome.ChromeDriver
Capabilities [{mobileEmulationEnabled=false, hasTouchScreen=false, platform=XP, acceptSslCerts=false, goog:chromeOptions={debuggerAddress=localhost:56156}, acceptInsecureCerts=false, webStorageEnabled=true, browserName=chrome, takesScreenshot=true, javascriptEnabled=true, platformName=XP, setWindowRect=true, unexpectedAlertBehaviour=, applicationCacheEnabled=false, rotatable=false, networkConnectionEnabled=false, chrome={chromedriverVersion=2.42.591088 (7b2b2dca23cca0862f674758c9a3933e685c27d5), userDataDir=C:\Users\MSAMAN~1\AppData\Local\Temp\scoped_dir3220_22258}, takesHeapSnapshot=true, pageLoadStrategy=normal, unhandledPromptBehavior=, databaseEnabled=false, handlesAlerts=true, version=70.0.3538.67, browserConnectionEnabled=false, nativeEvents=true, locationContextEnabled=true, cssSelectorsEnabled=true}]
Session ID: c282836a4852684e3dec6d59105ad66a
*** Element info: {Using=xpath, value=.//*[@id='root']/div/div[3]/div[2]/div/div/div[2]/div[1]/div/ul/li[2]/div/h3}
at org.openqa.selenium.remote.ErrorHandler.createThrowable(ErrorHandler.java:214)
at org.openqa.selenium.remote.ErrorHandler.throwIfResponseFailed(ErrorHandler.java:166)
at org.openqa.selenium.remote.http.JsonHttpResponseCodec.reconstructValue(JsonHttpResponseCodec.java:40)
at org.openqa.selenium.remote.http.AbstractHttpResponseCodec.decode(AbstractHttpResponseCodec.java:80)
at org.openqa.selenium.remote.http.AbstractHttpResponseCodec.decode(AbstractHttpResponseCodec.java:44)
at org.openqa.selenium.remote.HttpCommandExecutor.execute(HttpCommandExecutor.java:158)
at org.openqa.selenium.remote.service.DriverCommandExecutor.execute(DriverCommandExecutor.java:83)
at org.openqa.selenium.remote.RemoteWebDriver.execute(RemoteWebDriver.java:543)
at org.openqa.selenium.remote.RemoteWebDriver.findElement(RemoteWebDriver.java:317)
at org.openqa.selenium.remote.RemoteWebDriver.findElementByXPath(RemoteWebDriver.java:419)
at org.openqa.selenium.By$ByXPath.findElement(By.java:361)
at org.openqa.selenium.remote.RemoteWebDriver.findElement(RemoteWebDriver.java:309)
at Tests.HomeScreen.wifi_button_display(HomeScreen.java:95)
at java.util.concurrent.ThreadPoolExecutor.runWorker(Unknown Source)
at java.util.concurrent.ThreadPoolExecutor$Worker.run(Unknown Source)
at java.lang.Thread.run(Unknown Source)
... Removed 14 stack frames]]>
    </failure>
  </testcase> <!-- wifi_button_display -->
  <testcase name="history_displaying" time="0.063" classname="Tests.VirtualMechanic"/>
  <testcase name="battery_status" time="0.064" classname="Tests.HomeScreen"/>
  <testcase name="Last_trip_Fuel_consumption_icon" time="0.095" classname="Tests.Trips"/>
  <testcase name="history_tab_clickable" time="0.047" classname="Tests.VirtualMechanic"/>
  <testcase name="Virtualmechanic_Mainscreen" time="0.062" classname="Tests.HomeScreen"/>
  <testcase name="Last_trip_Driver_score" time="10.072" classname="Tests.Trips">
    <failure type="org.openqa.selenium.NoSuchElementException" message="no such element: Unable to locate element: {&amp;quot;method&amp;quot;:&amp;quot;xpath&amp;quot;,&amp;quot;selector&amp;quot;:&amp;quot;.//*[@id=&amp;apos;tripDetailsPadding&amp;apos;]/div/div[2]/div[1]/div[4]/div/div[1]/div/div&amp;quot;}
  (Session info: chrome=70.0.3538.67)
  (Driver info: chromedriver=2.42.591088 (7b2b2dca23cca0862f674758c9a3933e685c27d5),platform=Windows NT 6.1.7601 SP1 x86_64) (WARNING: The server did not provide any stacktrace information)
Command duration or timeout: 0 milliseconds
For documentation on this error, please visit: http://seleniumhq.org/exceptions/no_such_element.html
Build info: version: &amp;apos;3.6.0&amp;apos;, revision: &amp;apos;6fbf3ec767&amp;apos;, time: &amp;apos;2017-09-27T15:28:36.4Z&amp;apos;
System info: host: &amp;apos;HIGURL65064&amp;apos;, ip: &amp;apos;10.97.6.137&amp;apos;, os.name: &amp;apos;Windows 7&amp;apos;, os.arch: &amp;apos;amd64&amp;apos;, os.version: &amp;apos;6.1&amp;apos;, java.version: &amp;apos;1.8.0_172&amp;apos;
Driver info: org.openqa.selenium.chrome.ChromeDriver
Capabilities [{mobileEmulationEnabled=false, hasTouchScreen=false, platform=XP, acceptSslCerts=false, goog:chromeOptions={debuggerAddress=localhost:56348}, acceptInsecureCerts=false, webStorageEnabled=true, browserName=chrome, takesScreenshot=true, javascriptEnabled=true, platformName=XP, setWindowRect=true, unexpectedAlertBehaviour=, applicationCacheEnabled=false, rotatable=false, networkConnectionEnabled=false, chrome={chromedriverVersion=2.42.591088 (7b2b2dca23cca0862f674758c9a3933e685c27d5), userDataDir=C:\Users\MSAMAN~1\AppData\Local\Temp\scoped_dir13624_29369}, takesHeapSnapshot=true, pageLoadStrategy=normal, unhandledPromptBehavior=, databaseEnabled=false, handlesAlerts=true, version=70.0.3538.67, browserConnectionEnabled=false, nativeEvents=true, locationContextEnabled=true, cssSelectorsEnabled=true}]
Session ID: 2d8590af0e9568f09fa2bb407266661e
*** Element info: {Using=xpath, value=.//*[@id=&amp;apos;tripDetailsPadding&amp;apos;]/div/div[2]/div[1]/div[4]/div/div[1]/div/div}">
      <![CDATA[org.openqa.selenium.NoSuchElementException: no such element: Unable to locate element: {"method":"xpath","selector":".//*[@id='tripDetailsPadding']/div/div[2]/div[1]/div[4]/div/div[1]/div/div"}
  (Session info: chrome=70.0.3538.67)
  (Driver info: chromedriver=2.42.591088 (7b2b2dca23cca0862f674758c9a3933e685c27d5),platform=Windows NT 6.1.7601 SP1 x86_64) (WARNING: The server did not provide any stacktrace information)
Command duration or timeout: 0 milliseconds
For documentation on this error, please visit: http://seleniumhq.org/exceptions/no_such_element.html
Build info: version: '3.6.0', revision: '6fbf3ec767', time: '2017-09-27T15:28:36.4Z'
System info: host: 'HIGURL65064', ip: '10.97.6.137', os.name: 'Windows 7', os.arch: 'amd64', os.version: '6.1', java.version: '1.8.0_172'
Driver info: org.openqa.selenium.chrome.ChromeDriver
Capabilities [{mobileEmulationEnabled=false, hasTouchScreen=false, platform=XP, acceptSslCerts=false, goog:chromeOptions={debuggerAddress=localhost:56348}, acceptInsecureCerts=false, webStorageEnabled=true, browserName=chrome, takesScreenshot=true, javascriptEnabled=true, platformName=XP, setWindowRect=true, unexpectedAlertBehaviour=, applicationCacheEnabled=false, rotatable=false, networkConnectionEnabled=false, chrome={chromedriverVersion=2.42.591088 (7b2b2dca23cca0862f674758c9a3933e685c27d5), userDataDir=C:\Users\MSAMAN~1\AppData\Local\Temp\scoped_dir13624_29369}, takesHeapSnapshot=true, pageLoadStrategy=normal, unhandledPromptBehavior=, databaseEnabled=false, handlesAlerts=true, version=70.0.3538.67, browserConnectionEnabled=false, nativeEvents=true, locationContextEnabled=true, cssSelectorsEnabled=true}]
Session ID: 2d8590af0e9568f09fa2bb407266661e
*** Element info: {Using=xpath, value=.//*[@id='tripDetailsPadding']/div/div[2]/div[1]/div[4]/div/div[1]/div/div}
at org.openqa.selenium.remote.ErrorHandler.createThrowable(ErrorHandler.java:214)
at org.openqa.selenium.remote.ErrorHandler.throwIfResponseFailed(ErrorHandler.java:166)
at org.openqa.selenium.remote.http.JsonHttpResponseCodec.reconstructValue(JsonHttpResponseCodec.java:40)
at org.openqa.selenium.remote.http.AbstractHttpResponseCodec.decode(AbstractHttpResponseCodec.java:80)
at org.openqa.selenium.remote.http.AbstractHttpResponseCodec.decode(AbstractHttpResponseCodec.java:44)
at org.openqa.selenium.remote.HttpCommandExecutor.execute(HttpCommandExecutor.java:158)
at org.openqa.selenium.remote.service.DriverCommandExecutor.execute(DriverCommandExecutor.java:83)
at org.openqa.selenium.remote.RemoteWebDriver.execute(RemoteWebDriver.java:543)
at org.openqa.selenium.remote.RemoteWebDriver.findElement(RemoteWebDriver.java:317)
at org.openqa.selenium.remote.RemoteWebDriver.findElementByXPath(RemoteWebDriver.java:419)
at org.openqa.selenium.By$ByXPath.findElement(By.java:361)
at org.openqa.selenium.remote.RemoteWebDriver.findElement(RemoteWebDriver.java:309)
at Tests.Trips.Last_trip_Driver_score(Trips.java:130)
at java.util.concurrent.ThreadPoolExecutor.runWorker(Unknown Source)
at java.util.concurrent.ThreadPoolExecutor$Worker.run(Unknown Source)
at java.lang.Thread.run(Unknown Source)
... Removed 14 stack frames]]>
    </failure>
  </testcase> <!-- Last_trip_Driver_score -->
  <testcase name="Last_trip_hard_braking" time="0.157" classname="Tests.Trips"/>
  <testcase name="history_of_faults_text_displaying" time="0.337" classname="Tests.VirtualMechanic"/>
  <testcase name="Last_trip_Mainscreen" time="0.483" classname="Tests.HomeScreen"/>
  <testcase name="Triphistorylink_Mainscreen" time="0.079" classname="Tests.HomeScreen"/>
  <testcase name="Last_trip_hard_corners" time="0.126" classname="Tests.Trips"/>
  <testcase name="Manage_Familysharinglink_Mainscreen" time="0.062" classname="Tests.HomeScreen"/>
  <testcase name="Last_trip_hard_acceleration" time="0.093" classname="Tests.Trips"/>
  <testcase name="Geofencelink_Mainscreen" time="0.032" classname="Tests.HomeScreen"/>
  <testcase name="Last_trip_Time_over_60_mph" time="0.11" classname="Tests.Trips"/>
  <testcase name="Harmanspark_Version_Mainscreen" time="0.078" classname="Tests.HomeScreen"/>
  <testcase name="Last_trip_Type" time="0.25" classname="Tests.Trips"/>
  <testcase name="Map_display_status" time="0.07" classname="Tests.HomeScreen"/>
  <testcase name="Vehicle_name" time="0.049" classname="Tests.HomeScreen"/>
</testsuite> <!-- Sanity Test -->
