<?xml version="1.0" encoding="UTF-8"?>
<!-- Generated by org.testng.reporters.JUnitXMLReporter -->
<testsuite hostname="HIGURL65064" ignored="0" name="Sanity Test1" tests="62" failures="1" timestamp="21 Nov 2018 13:32:23 GMT" time="95.961" errors="0">
  <testcase name="Entering_Login_Page" time="9.971" classname="Tests.loginpage"/>
  <testcase name="Login" time="11.809" classname="Tests.login_logout"/>
  <testcase name="Broken_link_loginpage" time="17.921" classname="Tests.Loginbrokenlinks"/>
  <testcase name="Harmanlogo_Display_Mainscreen" time="6.334" classname="Tests.Vehicle_dashboard"/>
  <testcase name="Broken_link_Mainscreen" time="14.594" classname="Tests.DashBoardbrokenlinks"/>
  <testcase name="Harman_logo_visibility" time="0.657" classname="Tests.loginpage"/>
  <testcase name="Vehicle_dashboard_link_status" time="0.732" classname="Tests.Vehicle_dashboard"/>
  <testcase name="Logout" time="1.989" classname="Tests.login_logout"/>
  <testcase name="Virtual_Mechanic_link_status" time="5.247" classname="Tests.VirtualMechanic"/>
  <testcase name="Trips_link_status" time="5.861" classname="Tests.Trips"/>
  <testcase name="Virtual_Mechanic_link_status" time="0.143" classname="Tests.Vehicle_dashboard"/>
  <testcase name="Harman_Text_visibility" time="0.237" classname="Tests.loginpage"/>
  <testcase name="Current_diagnostics_display" time="0.312" classname="Tests.VirtualMechanic"/>
  <testcase name="AfterLogout_click_getstarted" time="1.88" classname="Tests.login_logout">
    <failure type="org.openqa.selenium.StaleElementReferenceException" message="stale element reference: element is not attached to the page document
  (Session info: chrome=70.0.3538.110)
  (Driver info: chromedriver=2.42.591088 (7b2b2dca23cca0862f674758c9a3933e685c27d5),platform=Windows NT 6.1.7601 SP1 x86_64) (WARNING: The server did not provide any stacktrace information)
Command duration or timeout: 0 milliseconds
For documentation on this error, please visit: http://seleniumhq.org/exceptions/stale_element_reference.html
Build info: version: &amp;apos;3.6.0&amp;apos;, revision: &amp;apos;6fbf3ec767&amp;apos;, time: &amp;apos;2017-09-27T15:28:36.4Z&amp;apos;
System info: host: &amp;apos;HIGURL65064&amp;apos;, ip: &amp;apos;10.97.6.187&amp;apos;, os.name: &amp;apos;Windows 7&amp;apos;, os.arch: &amp;apos;amd64&amp;apos;, os.version: &amp;apos;6.1&amp;apos;, java.version: &amp;apos;1.8.0_172&amp;apos;
Driver info: org.openqa.selenium.chrome.ChromeDriver
Capabilities [{mobileEmulationEnabled=false, hasTouchScreen=false, platform=XP, acceptSslCerts=false, goog:chromeOptions={debuggerAddress=localhost:49971}, acceptInsecureCerts=false, webStorageEnabled=true, browserName=chrome, takesScreenshot=true, javascriptEnabled=true, platformName=XP, setWindowRect=true, unexpectedAlertBehaviour=, applicationCacheEnabled=false, rotatable=false, networkConnectionEnabled=false, chrome={chromedriverVersion=2.42.591088 (7b2b2dca23cca0862f674758c9a3933e685c27d5), userDataDir=C:\Users\MSAMAN~1\AppData\Local\Temp\scoped_dir8464_22334}, takesHeapSnapshot=true, pageLoadStrategy=normal, unhandledPromptBehavior=, databaseEnabled=false, handlesAlerts=true, version=70.0.3538.110, browserConnectionEnabled=false, nativeEvents=true, locationContextEnabled=true, cssSelectorsEnabled=true}]
Session ID: 937fad0e46c66ac27c0a8efad534af0c">
      <![CDATA[org.openqa.selenium.StaleElementReferenceException: stale element reference: element is not attached to the page document
  (Session info: chrome=70.0.3538.110)
  (Driver info: chromedriver=2.42.591088 (7b2b2dca23cca0862f674758c9a3933e685c27d5),platform=Windows NT 6.1.7601 SP1 x86_64) (WARNING: The server did not provide any stacktrace information)
Command duration or timeout: 0 milliseconds
For documentation on this error, please visit: http://seleniumhq.org/exceptions/stale_element_reference.html
Build info: version: '3.6.0', revision: '6fbf3ec767', time: '2017-09-27T15:28:36.4Z'
System info: host: 'HIGURL65064', ip: '10.97.6.187', os.name: 'Windows 7', os.arch: 'amd64', os.version: '6.1', java.version: '1.8.0_172'
Driver info: org.openqa.selenium.chrome.ChromeDriver
Capabilities [{mobileEmulationEnabled=false, hasTouchScreen=false, platform=XP, acceptSslCerts=false, goog:chromeOptions={debuggerAddress=localhost:49971}, acceptInsecureCerts=false, webStorageEnabled=true, browserName=chrome, takesScreenshot=true, javascriptEnabled=true, platformName=XP, setWindowRect=true, unexpectedAlertBehaviour=, applicationCacheEnabled=false, rotatable=false, networkConnectionEnabled=false, chrome={chromedriverVersion=2.42.591088 (7b2b2dca23cca0862f674758c9a3933e685c27d5), userDataDir=C:\Users\MSAMAN~1\AppData\Local\Temp\scoped_dir8464_22334}, takesHeapSnapshot=true, pageLoadStrategy=normal, unhandledPromptBehavior=, databaseEnabled=false, handlesAlerts=true, version=70.0.3538.110, browserConnectionEnabled=false, nativeEvents=true, locationContextEnabled=true, cssSelectorsEnabled=true}]
Session ID: 937fad0e46c66ac27c0a8efad534af0c
at org.openqa.selenium.remote.ErrorHandler.createThrowable(ErrorHandler.java:214)
at org.openqa.selenium.remote.ErrorHandler.throwIfResponseFailed(ErrorHandler.java:166)
at org.openqa.selenium.remote.http.JsonHttpResponseCodec.reconstructValue(JsonHttpResponseCodec.java:40)
at org.openqa.selenium.remote.http.AbstractHttpResponseCodec.decode(AbstractHttpResponseCodec.java:80)
at org.openqa.selenium.remote.http.AbstractHttpResponseCodec.decode(AbstractHttpResponseCodec.java:44)
at org.openqa.selenium.remote.HttpCommandExecutor.execute(HttpCommandExecutor.java:158)
at org.openqa.selenium.remote.service.DriverCommandExecutor.execute(DriverCommandExecutor.java:83)
at org.openqa.selenium.remote.RemoteWebDriver.execute(RemoteWebDriver.java:543)
at org.openqa.selenium.remote.RemoteWebElement.execute(RemoteWebElement.java:276)
at org.openqa.selenium.remote.RemoteWebElement.getText(RemoteWebElement.java:160)
at Tests.login_logout.AfterLogout_click_getstarted(login_logout.java:69)
at java.util.concurrent.ThreadPoolExecutor.runWorker(ThreadPoolExecutor.java:1149)
at java.util.concurrent.ThreadPoolExecutor$Worker.run(ThreadPoolExecutor.java:624)
at java.lang.Thread.run(Thread.java:748)
... Removed 14 stack frames]]>
    </failure>
  </testcase> <!-- AfterLogout_click_getstarted -->
  <testcase name="Map_status" time="3.262" classname="Tests.Trips"/>
  <testcase name="Current_diagnostics_tab_clickable" time="0.096" classname="Tests.VirtualMechanic"/>
  <testcase name="First_Trip_selected" time="0.109" classname="Tests.Trips"/>
  <testcase name="Forgot_Password_link_Status" time="0.115" classname="Tests.loginpage"/>
  <testcase name="Accident_Reports_link_status" time="0.13" classname="Tests.Vehicle_dashboard"/>
  <testcase name="faults_and_warnings" time="0.094" classname="Tests.VirtualMechanic"/>
  <testcase name="Trips_link_status" time="0.11" classname="Tests.Vehicle_dashboard"/>
  <testcase name="Loginbutton_status_before_Enter_user_pwd" time="0.11" classname="Tests.loginpage"/>
  <testcase name="Last_Trip_details" time="0.414" classname="Tests.Trips"/>
  <testcase name="healthy_areas" time="0.11" classname="Tests.VirtualMechanic"/>
  <testcase name="Signup_link_status" time="0.115" classname="Tests.loginpage"/>
  <testcase name="Select_secondTrip" time="0.167" classname="Tests.Trips"/>
  <testcase name="Family_Share_link_status" time="0.177" classname="Tests.Vehicle_dashboard"/>
  <testcase name="Battery_health_displaying" time="0.104" classname="Tests.VirtualMechanic"/>
  <testcase name="Geofences_link_status" time="0.124" classname="Tests.Vehicle_dashboard"/>
  <testcase name="Last_Trip_Time_Taken" time="0.227" classname="Tests.Trips"/>
  <testcase name="Login_validation" time="1.673" classname="Tests.loginpage"/>
  <testcase name="Engine_health_displaying" time="0.095" classname="Tests.VirtualMechanic"/>
  <testcase name="Last_Trip_Time_icon_display" time="0.142" classname="Tests.Trips"/>
  <testcase name="Vehicle_Preferences_link_status" time="0.142" classname="Tests.Vehicle_dashboard"/>
  <testcase name="Electrical_System_health_displaying" time="0.078" classname="Tests.VirtualMechanic"/>
  <testcase name="Emergency_Contact_link_status" time="0.124" classname="Tests.Vehicle_dashboard"/>
  <testcase name="Last_trip_Distance_covered" time="0.125" classname="Tests.Trips"/>
  <testcase name="Gearbox_health_displaying" time="0.062" classname="Tests.VirtualMechanic"/>
  <testcase name="Account_link_status" time="0.062" classname="Tests.Vehicle_dashboard"/>
  <testcase name="Last_trip_Distance_covered_icon" time="0.093" classname="Tests.Trips"/>
  <testcase name="Auxilary_health_displaying" time="0.048" classname="Tests.VirtualMechanic"/>
  <testcase name="wifi_button_display" time="0.079" classname="Tests.Vehicle_dashboard"/>
  <testcase name="Last_trip_Fuel_consumption" time="0.079" classname="Tests.Trips"/>
  <testcase name="history_displaying" time="0.078" classname="Tests.VirtualMechanic"/>
  <testcase name="battery_status" time="0.094" classname="Tests.Vehicle_dashboard"/>
  <testcase name="Last_trip_Fuel_consumption_icon" time="0.109" classname="Tests.Trips"/>
  <testcase name="history_tab_clickable" time="0.047" classname="Tests.VirtualMechanic"/>
  <testcase name="Virtualmechanic_Mainscreen" time="0.078" classname="Tests.Vehicle_dashboard"/>
  <testcase name="Last_trip_Driver_score" time="0.109" classname="Tests.Trips"/>
  <testcase name="Last_trip_hard_braking" time="0.196" classname="Tests.Trips"/>
  <testcase name="history_of_faults_text_displaying" time="0.241" classname="Tests.VirtualMechanic"/>
  <testcase name="Last_trip_Mainscreen" time="0.397" classname="Tests.Vehicle_dashboard"/>
  <testcase name="Triphistorylink_Mainscreen" time="0.11" classname="Tests.Vehicle_dashboard"/>
  <testcase name="Last_trip_hard_corners" time="0.142" classname="Tests.Trips"/>
  <testcase name="Manage_Familysharinglink_Mainscreen" time="0.046" classname="Tests.Vehicle_dashboard"/>
  <testcase name="Last_trip_hard_acceleration" time="0.093" classname="Tests.Trips"/>
  <testcase name="Geofencelink_Mainscreen" time="0.031" classname="Tests.Vehicle_dashboard"/>
  <testcase name="Last_trip_Time_over_60_mph" time="0.078" classname="Tests.Trips"/>
  <testcase name="Harmanspark_Version_Mainscreen" time="0.063" classname="Tests.Vehicle_dashboard"/>
  <testcase name="Last_trip_Type" time="0.237" classname="Tests.Trips"/>
  <testcase name="Map_display_status" time="0.084" classname="Tests.Vehicle_dashboard"/>
  <testcase name="Vehicle_name" time="0.063" classname="Tests.Vehicle_dashboard"/>
</testsuite> <!-- Sanity Test1 -->
