<?xml version="1.0" encoding="UTF-8"?>
<!-- Generated by org.testng.reporters.JUnitXMLReporter -->
<testsuite hostname="HIGURL65064" ignored="0" name="Sanity Test" tests="38" failures="1" timestamp="12 Oct 2018 09:34:30 GMT" time="75.724" errors="0">
  <testcase name="Harmanlogo_Display_Mainscreen" time="5.908" classname="Tests.HomeScreen"/>
  <testcase name="Vehicle_dashboard_link_status" time="0.108" classname="Tests.HomeScreen"/>
  <testcase name="Virtual_Mechanic_link_status" time="5.662" classname="Tests.VirtualMechanic"/>
  <testcase name="Trips_link_status" time="6.845" classname="Tests.Trips"/>
  <testcase name="Virtual_Mechanic_link_status" time="0.082" classname="Tests.HomeScreen"/>
  <testcase name="Current_diagnostics_display" time="0.425" classname="Tests.VirtualMechanic"/>
  <testcase name="Map_status" time="3.073" classname="Tests.Trips"/>
  <testcase name="Current_diagnostics_tab_clickable" time="0.054" classname="Tests.VirtualMechanic"/>
  <testcase name="First_Trip_selected" time="0.061" classname="Tests.Trips"/>
  <testcase name="Accident_Reports_link_status" time="0.079" classname="Tests.HomeScreen"/>
  <testcase name="faults_and_warnings" time="0.062" classname="Tests.VirtualMechanic"/>
  <testcase name="Trips_link_status" time="0.094" classname="Tests.HomeScreen"/>
  <testcase name="First_Trip_details" time="0.315" classname="Tests.Trips"/>
  <testcase name="healthy_areas" time="0.075" classname="Tests.VirtualMechanic"/>
  <testcase name="Select_secondTrip" time="0.09" classname="Tests.Trips"/>
  <testcase name="Family_Share_link_status" time="0.162" classname="Tests.HomeScreen"/>
  <testcase name="Battery_health_displaying" time="0.099" classname="Tests.VirtualMechanic"/>
  <testcase name="Geofences_link_status" time="0.103" classname="Tests.HomeScreen"/>
  <testcase name="Engine_health_displaying" time="0.071" classname="Tests.VirtualMechanic"/>
  <testcase name="Vehicle_Preferences_link_status" time="0.09" classname="Tests.HomeScreen"/>
  <testcase name="Electrical_System_health_displaying" time="0.054" classname="Tests.VirtualMechanic"/>
  <testcase name="Emergency_Contact_link_status" time="0.076" classname="Tests.HomeScreen"/>
  <testcase name="Account_link_status" time="0.038" classname="Tests.HomeScreen"/>
  <testcase name="Gearbox_health_displaying" time="0.051" classname="Tests.VirtualMechanic"/>
  <testcase name="Auxilary_health_displaying" time="0.053" classname="Tests.VirtualMechanic"/>
  <testcase name="wifi_button_display" time="10.104" classname="Tests.HomeScreen">
    <failure type="org.openqa.selenium.NoSuchElementException" message="no such element: Unable to locate element: {&amp;quot;method&amp;quot;:&amp;quot;xpath&amp;quot;,&amp;quot;selector&amp;quot;:&amp;quot;.//*[@id=&amp;apos;root&amp;apos;]/div/div[3]/div[2]/div/div/div[2]/div[1]/div/ul/li[2]/div/h3&amp;quot;}
  (Session info: chrome=69.0.3497.100)
  (Driver info: chromedriver=2.42.591088 (7b2b2dca23cca0862f674758c9a3933e685c27d5),platform=Windows NT 6.1.7601 SP1 x86_64) (WARNING: The server did not provide any stacktrace information)
Command duration or timeout: 0 milliseconds
For documentation on this error, please visit: http://seleniumhq.org/exceptions/no_such_element.html
Build info: version: &amp;apos;3.6.0&amp;apos;, revision: &amp;apos;6fbf3ec767&amp;apos;, time: &amp;apos;2017-09-27T15:28:36.4Z&amp;apos;
System info: host: &amp;apos;HIGURL65064&amp;apos;, ip: &amp;apos;10.97.6.137&amp;apos;, os.name: &amp;apos;Windows 7&amp;apos;, os.arch: &amp;apos;amd64&amp;apos;, os.version: &amp;apos;6.1&amp;apos;, java.version: &amp;apos;1.8.0_172&amp;apos;
Driver info: org.openqa.selenium.chrome.ChromeDriver
Capabilities [{mobileEmulationEnabled=false, hasTouchScreen=false, platform=XP, acceptSslCerts=false, goog:chromeOptions={debuggerAddress=localhost:50385}, acceptInsecureCerts=false, webStorageEnabled=true, browserName=chrome, takesScreenshot=true, javascriptEnabled=true, platformName=XP, setWindowRect=true, unexpectedAlertBehaviour=, applicationCacheEnabled=false, rotatable=false, networkConnectionEnabled=false, chrome={chromedriverVersion=2.42.591088 (7b2b2dca23cca0862f674758c9a3933e685c27d5), userDataDir=C:\Users\MSAMAN~1\AppData\Local\Temp\scoped_dir11220_11617}, takesHeapSnapshot=true, unhandledPromptBehavior=, pageLoadStrategy=normal, databaseEnabled=false, handlesAlerts=true, version=69.0.3497.100, browserConnectionEnabled=false, nativeEvents=true, locationContextEnabled=true, cssSelectorsEnabled=true}]
Session ID: 7b89bf047244cea010b7ab75a537d5cc
*** Element info: {Using=xpath, value=.//*[@id=&amp;apos;root&amp;apos;]/div/div[3]/div[2]/div/div/div[2]/div[1]/div/ul/li[2]/div/h3}">
      <![CDATA[org.openqa.selenium.NoSuchElementException: no such element: Unable to locate element: {"method":"xpath","selector":".//*[@id='root']/div/div[3]/div[2]/div/div/div[2]/div[1]/div/ul/li[2]/div/h3"}
  (Session info: chrome=69.0.3497.100)
  (Driver info: chromedriver=2.42.591088 (7b2b2dca23cca0862f674758c9a3933e685c27d5),platform=Windows NT 6.1.7601 SP1 x86_64) (WARNING: The server did not provide any stacktrace information)
Command duration or timeout: 0 milliseconds
For documentation on this error, please visit: http://seleniumhq.org/exceptions/no_such_element.html
Build info: version: '3.6.0', revision: '6fbf3ec767', time: '2017-09-27T15:28:36.4Z'
System info: host: 'HIGURL65064', ip: '10.97.6.137', os.name: 'Windows 7', os.arch: 'amd64', os.version: '6.1', java.version: '1.8.0_172'
Driver info: org.openqa.selenium.chrome.ChromeDriver
Capabilities [{mobileEmulationEnabled=false, hasTouchScreen=false, platform=XP, acceptSslCerts=false, goog:chromeOptions={debuggerAddress=localhost:50385}, acceptInsecureCerts=false, webStorageEnabled=true, browserName=chrome, takesScreenshot=true, javascriptEnabled=true, platformName=XP, setWindowRect=true, unexpectedAlertBehaviour=, applicationCacheEnabled=false, rotatable=false, networkConnectionEnabled=false, chrome={chromedriverVersion=2.42.591088 (7b2b2dca23cca0862f674758c9a3933e685c27d5), userDataDir=C:\Users\MSAMAN~1\AppData\Local\Temp\scoped_dir11220_11617}, takesHeapSnapshot=true, unhandledPromptBehavior=, pageLoadStrategy=normal, databaseEnabled=false, handlesAlerts=true, version=69.0.3497.100, browserConnectionEnabled=false, nativeEvents=true, locationContextEnabled=true, cssSelectorsEnabled=true}]
Session ID: 7b89bf047244cea010b7ab75a537d5cc
*** Element info: {Using=xpath, value=.//*[@id='root']/div/div[3]/div[2]/div/div/div[2]/div[1]/div/ul/li[2]/div/h3}
at org.openqa.selenium.remote.ErrorHandler.createThrowable(ErrorHandler.java:214)
at org.openqa.selenium.remote.ErrorHandler.throwIfResponseFailed(ErrorHandler.java:166)
at org.openqa.selenium.remote.http.JsonHttpResponseCodec.reconstructValue(JsonHttpResponseCodec.java:40)
at org.openqa.selenium.remote.http.AbstractHttpResponseCodec.decode(AbstractHttpResponseCodec.java:80)
at org.openqa.selenium.remote.http.AbstractHttpResponseCodec.decode(AbstractHttpResponseCodec.java:44)
at org.openqa.selenium.remote.HttpCommandExecutor.execute(HttpCommandExecutor.java:158)
at org.openqa.selenium.remote.service.DriverCommandExecutor.execute(DriverCommandExecutor.java:83)
at org.openqa.selenium.remote.RemoteWebDriver.execute(RemoteWebDriver.java:545)
at org.openqa.selenium.remote.RemoteWebDriver.findElement(RemoteWebDriver.java:319)
at org.openqa.selenium.remote.RemoteWebDriver.findElementByXPath(RemoteWebDriver.java:421)
at org.openqa.selenium.By$ByXPath.findElement(By.java:361)
at org.openqa.selenium.remote.RemoteWebDriver.findElement(RemoteWebDriver.java:311)
at Tests.HomeScreen.wifi_button_display(HomeScreen.java:94)
at java.util.concurrent.ThreadPoolExecutor.runWorker(Unknown Source)
at java.util.concurrent.ThreadPoolExecutor$Worker.run(Unknown Source)
at java.lang.Thread.run(Unknown Source)
... Removed 14 stack frames]]>
    </failure>
  </testcase> <!-- wifi_button_display -->
  <testcase name="history_displaying" time="0.053" classname="Tests.VirtualMechanic"/>
  <testcase name="battery_status" time="0.065" classname="Tests.HomeScreen"/>
  <testcase name="history_tab_clickable" time="0.069" classname="Tests.VirtualMechanic"/>
  <testcase name="Virtualmechanic_Mainscreen" time="0.073" classname="Tests.HomeScreen"/>
  <testcase name="history_of_faults_text_displaying" time="0.228" classname="Tests.VirtualMechanic"/>
  <testcase name="Last_trip_Mainscreen" time="0.407" classname="Tests.HomeScreen"/>
  <testcase name="Triphistorylink_Mainscreen" time="0.07" classname="Tests.HomeScreen"/>
  <testcase name="Manage_Familysharinglink_Mainscreen" time="0.053" classname="Tests.HomeScreen"/>
  <testcase name="Geofencelink_Mainscreen" time="0.049" classname="Tests.HomeScreen"/>
  <testcase name="Harmanspark_Version_Mainscreen" time="0.046" classname="Tests.HomeScreen"/>
  <testcase name="Map_display_status" time="0.04" classname="Tests.HomeScreen"/>
  <testcase name="Vehicle_name" time="0.094" classname="Tests.HomeScreen"/>
</testsuite> <!-- Sanity Test -->
