<?xml version="1.0" encoding="UTF-8"?>
<!-- Generated by org.testng.reporters.JUnitReportReporter -->
<testsuite skipped="0" hostname="HIGURL65064" name="Tests.HomeScreen" tests="20" failures="0" timestamp="25 Oct 2018 11:51:53 GMT" time="21.016" errors="1">
  <testcase name="Harmanlogo_Display_Mainscreen" time="8.774" classname="Tests.HomeScreen"/>
  <testcase name="Vehicle_dashboard_link_status" time="0.156" classname="Tests.HomeScreen"/>
  <testcase name="Virtual_Mechanic_link_status" time="0.127" classname="Tests.HomeScreen"/>
  <testcase name="Accident_Reports_link_status" time="0.105" classname="Tests.HomeScreen"/>
  <testcase name="Trips_link_status" time="0.149" classname="Tests.HomeScreen"/>
  <testcase name="Family_Share_link_status" time="0.127" classname="Tests.HomeScreen"/>
  <testcase name="Geofences_link_status" time="0.109" classname="Tests.HomeScreen"/>
  <testcase name="Vehicle_Preferences_link_status" time="0.105" classname="Tests.HomeScreen"/>
  <testcase name="Emergency_Contact_link_status" time="0.135" classname="Tests.HomeScreen"/>
  <testcase name="Account_link_status" time="0.117" classname="Tests.HomeScreen"/>
  <testcase name="wifi_button_display" time="10.133" classname="Tests.HomeScreen">
    <error type="org.openqa.selenium.NoSuchElementException" message="no such element: Unable to locate element: {&quot;method&quot;:&quot;xpath&quot;,&quot;selector&quot;:&quot;.//*[@id=&#039;root&#039;]/div/div[3]/div[2]/div/div/div[2]/div[1]/div/ul/li[2]/div/h3&quot;}
  (Session info: chrome=70.0.3538.67)
  (Driver info: chromedriver=2.42.591088 (7b2b2dca23cca0862f674758c9a3933e685c27d5),platform=Windows NT 6.1.7601 SP1 x86_64) (WARNING: The server did not provide any stacktrace information)
Command duration or timeout: 0 milliseconds
For documentation on this error, please visit: http://seleniumhq.org/exceptions/no_such_element.html
Build info: version: &#039;3.6.0&#039;, revision: &#039;6fbf3ec767&#039;, time: &#039;2017-09-27T15:28:36.4Z&#039;
System info: host: &#039;HIGURL65064&#039;, ip: &#039;10.97.6.137&#039;, os.name: &#039;Windows 7&#039;, os.arch: &#039;amd64&#039;, os.version: &#039;6.1&#039;, java.version: &#039;1.8.0_172&#039;
Driver info: org.openqa.selenium.chrome.ChromeDriver
Capabilities [{mobileEmulationEnabled=false, hasTouchScreen=false, platform=XP, acceptSslCerts=false, goog:chromeOptions={debuggerAddress=localhost:56156}, acceptInsecureCerts=false, webStorageEnabled=true, browserName=chrome, takesScreenshot=true, javascriptEnabled=true, platformName=XP, setWindowRect=true, unexpectedAlertBehaviour=, applicationCacheEnabled=false, rotatable=false, networkConnectionEnabled=false, chrome={chromedriverVersion=2.42.591088 (7b2b2dca23cca0862f674758c9a3933e685c27d5), userDataDir=C:\Users\MSAMAN~1\AppData\Local\Temp\scoped_dir3220_22258}, takesHeapSnapshot=true, pageLoadStrategy=normal, unhandledPromptBehavior=, databaseEnabled=false, handlesAlerts=true, version=70.0.3538.67, browserConnectionEnabled=false, nativeEvents=true, locationContextEnabled=true, cssSelectorsEnabled=true}]
Session ID: c282836a4852684e3dec6d59105ad66a
*** Element info: {Using=xpath, value=.//*[@id=&#039;root&#039;]/div/div[3]/div[2]/div/div/div[2]/div[1]/div/ul/li[2]/div/h3}">
      <![CDATA[org.openqa.selenium.NoSuchElementException: no such element: Unable to locate element: {"method":"xpath","selector":".//*[@id='root']/div/div[3]/div[2]/div/div/div[2]/div[1]/div/ul/li[2]/div/h3"}
  (Session info: chrome=70.0.3538.67)
  (Driver info: chromedriver=2.42.591088 (7b2b2dca23cca0862f674758c9a3933e685c27d5),platform=Windows NT 6.1.7601 SP1 x86_64) (WARNING: The server did not provide any stacktrace information)
Command duration or timeout: 0 milliseconds
For documentation on this error, please visit: http://seleniumhq.org/exceptions/no_such_element.html
Build info: version: '3.6.0', revision: '6fbf3ec767', time: '2017-09-27T15:28:36.4Z'
System info: host: 'HIGURL65064', ip: '10.97.6.137', os.name: 'Windows 7', os.arch: 'amd64', os.version: '6.1', java.version: '1.8.0_172'
Driver info: org.openqa.selenium.chrome.ChromeDriver
Capabilities [{mobileEmulationEnabled=false, hasTouchScreen=false, platform=XP, acceptSslCerts=false, goog:chromeOptions={debuggerAddress=localhost:56156}, acceptInsecureCerts=false, webStorageEnabled=true, browserName=chrome, takesScreenshot=true, javascriptEnabled=true, platformName=XP, setWindowRect=true, unexpectedAlertBehaviour=, applicationCacheEnabled=false, rotatable=false, networkConnectionEnabled=false, chrome={chromedriverVersion=2.42.591088 (7b2b2dca23cca0862f674758c9a3933e685c27d5), userDataDir=C:\Users\MSAMAN~1\AppData\Local\Temp\scoped_dir3220_22258}, takesHeapSnapshot=true, pageLoadStrategy=normal, unhandledPromptBehavior=, databaseEnabled=false, handlesAlerts=true, version=70.0.3538.67, browserConnectionEnabled=false, nativeEvents=true, locationContextEnabled=true, cssSelectorsEnabled=true}]
Session ID: c282836a4852684e3dec6d59105ad66a
*** Element info: {Using=xpath, value=.//*[@id='root']/div/div[3]/div[2]/div/div/div[2]/div[1]/div/ul/li[2]/div/h3}
at sun.reflect.NativeConstructorAccessorImpl.newInstance0(Native Method)
at sun.reflect.NativeConstructorAccessorImpl.newInstance(Unknown Source)
at sun.reflect.DelegatingConstructorAccessorImpl.newInstance(Unknown Source)
at java.lang.reflect.Constructor.newInstance(Unknown Source)
at org.openqa.selenium.remote.ErrorHandler.createThrowable(ErrorHandler.java:214)
at org.openqa.selenium.remote.ErrorHandler.throwIfResponseFailed(ErrorHandler.java:166)
at org.openqa.selenium.remote.http.JsonHttpResponseCodec.reconstructValue(JsonHttpResponseCodec.java:40)
at org.openqa.selenium.remote.http.AbstractHttpResponseCodec.decode(AbstractHttpResponseCodec.java:80)
at org.openqa.selenium.remote.http.AbstractHttpResponseCodec.decode(AbstractHttpResponseCodec.java:44)
at org.openqa.selenium.remote.HttpCommandExecutor.execute(HttpCommandExecutor.java:158)
at org.openqa.selenium.remote.service.DriverCommandExecutor.execute(DriverCommandExecutor.java:83)
at org.openqa.selenium.remote.RemoteWebDriver.execute(RemoteWebDriver.java:543)
at org.openqa.selenium.remote.RemoteWebDriver.findElement(RemoteWebDriver.java:317)
at org.openqa.selenium.remote.RemoteWebDriver.findElementByXPath(RemoteWebDriver.java:419)
at org.openqa.selenium.By$ByXPath.findElement(By.java:361)
at org.openqa.selenium.remote.RemoteWebDriver.findElement(RemoteWebDriver.java:309)
at Tests.HomeScreen.wifi_button_display(HomeScreen.java:95)
at sun.reflect.NativeMethodAccessorImpl.invoke0(Native Method)
at sun.reflect.NativeMethodAccessorImpl.invoke(Unknown Source)
at sun.reflect.DelegatingMethodAccessorImpl.invoke(Unknown Source)
at java.lang.reflect.Method.invoke(Unknown Source)
at org.testng.internal.MethodInvocationHelper.invokeMethod(MethodInvocationHelper.java:124)
at org.testng.internal.Invoker.invokeMethod(Invoker.java:583)
at org.testng.internal.Invoker.invokeTestMethod(Invoker.java:719)
at org.testng.internal.Invoker.invokeTestMethods(Invoker.java:989)
at org.testng.internal.TestMethodWorker.invokeTestMethods(TestMethodWorker.java:125)
at org.testng.internal.TestMethodWorker.run(TestMethodWorker.java:109)
at java.util.concurrent.ThreadPoolExecutor.runWorker(Unknown Source)
at java.util.concurrent.ThreadPoolExecutor$Worker.run(Unknown Source)
at java.lang.Thread.run(Unknown Source)
]]>
    </error>
  </testcase> <!-- wifi_button_display -->
  <testcase name="battery_status" time="0.064" classname="Tests.HomeScreen"/>
  <testcase name="Virtualmechanic_Mainscreen" time="0.062" classname="Tests.HomeScreen"/>
  <testcase name="Last_trip_Mainscreen" time="0.483" classname="Tests.HomeScreen"/>
  <testcase name="Triphistorylink_Mainscreen" time="0.079" classname="Tests.HomeScreen"/>
  <testcase name="Manage_Familysharinglink_Mainscreen" time="0.062" classname="Tests.HomeScreen"/>
  <testcase name="Geofencelink_Mainscreen" time="0.032" classname="Tests.HomeScreen"/>
  <testcase name="Harmanspark_Version_Mainscreen" time="0.078" classname="Tests.HomeScreen"/>
  <testcase name="Map_display_status" time="0.070" classname="Tests.HomeScreen"/>
  <testcase name="Vehicle_name" time="0.049" classname="Tests.HomeScreen"/>
</testsuite> <!-- Tests.HomeScreen -->
